android/app/build/intermediates/manifest_merge_blame_file/release/manifest-merger-blame-release-report.txt
1<?xml version="1.0" encoding="utf-8"?>
2<manifest xmlns:android="http://schemas.android.com/apk/res/android"
3    package="com.pennymeal"
4    android:versionCode="1"
5    android:versionName="1.0" >
6
7    <uses-sdk
8        android:minSdkVersion="21"
9        android:targetSdkVersion="34" />
10
11    <uses-permission android:name="android.permission.INTERNET" />
11-->src/main/AndroidManifest.xml:3:5-67
11-->src/main/AndroidManifest.xml:3:22-64
12
13    <permission
13-->[androidx.core:core:1.9.0] AndroidManifest.xml:22:5-24:47
14        android:name="com.pennymeal.DYNAMIC_RECEIVER_NOT_EXPORTED_PERMISSION"
14-->[androidx.core:core:1.9.0] AndroidManifest.xml:23:9-81
15        android:protectionLevel="signature" />
15-->[androidx.core:core:1.9.0] AndroidManifest.xml:24:9-44
16
17    <uses-permission android:name="com.pennymeal.DYNAMIC_RECEIVER_NOT_EXPORTED_PERMISSION" />
17-->[androidx.core:core:1.9.0] AndroidManifest.xml:26:5-97
17-->[androidx.core:core:1.9.0] AndroidManifest.xml:26:22-94
18
19    <application
19-->src/main/AndroidManifest.xml:5:5-24:19
20        android:name="com.pennymeal.MainApplication"
20-->src/main/AndroidManifest.xml:6:7-38
21        android:allowBackup="false"
21-->src/main/AndroidManifest.xml:10:7-34
22        android:appComponentFactory="androidx.core.app.CoreComponentFactory"
22-->[androidx.core:core:1.9.0] AndroidManifest.xml:28:18-86
23        android:extractNativeLibs="true"
24        android:icon="@mipmap/ic_launcher"
24-->src/main/AndroidManifest.xml:8:7-41
25        android:label="@string/app_name"
25-->src/main/AndroidManifest.xml:7:7-39
26        android:roundIcon="@mipmap/ic_launcher"
26-->src/main/AndroidManifest.xml:9:7-46
27        android:theme="@style/AppTheme" >
27-->src/main/AndroidManifest.xml:11:7-38
28        <activity
28-->src/main/AndroidManifest.xml:12:7-23:18
29            android:name="com.pennymeal.MainActivity"
29-->src/main/AndroidManifest.xml:13:9-37
30            android:configChanges="keyboard|keyboardHidden|orientation|screenLayout|screenSize|smallestScreenSize|uiMode"
30-->src/main/AndroidManifest.xml:15:9-118
31            android:exported="true"
31-->src/main/AndroidManifest.xml:18:9-32
32            android:label="@string/app_name"
32-->src/main/AndroidManifest.xml:14:9-41
33            android:launchMode="singleTask"
33-->src/main/AndroidManifest.xml:16:9-40
34            android:windowSoftInputMode="adjustResize" >
34-->src/main/AndroidManifest.xml:17:9-51
35            <intent-filter>
35-->src/main/AndroidManifest.xml:19:9-22:25
36                <action android:name="android.intent.action.MAIN" />
36-->src/main/AndroidManifest.xml:20:13-65
36-->src/main/AndroidManifest.xml:20:21-62
37
38                <category android:name="android.intent.category.LAUNCHER" />
38-->src/main/AndroidManifest.xml:21:13-73
38-->src/main/AndroidManifest.xml:21:23-70
39            </intent-filter>
40        </activity>
41
42        <provider
42-->[:react-native-webview] AndroidManifest.xml:8:9-16:20
43            android:name="com.reactnativecommunity.webview.RNCWebViewFileProvider"
43-->[:react-native-webview] AndroidManifest.xml:9:13-83
44            android:authorities="com.pennymeal.fileprovider"
44-->[:react-native-webview] AndroidManifest.xml:10:13-64
45            android:exported="false"
45-->[:react-native-webview] AndroidManifest.xml:11:13-37
46            android:grantUriPermissions="true" >
46-->[:react-native-webview] AndroidManifest.xml:12:13-47
47            <meta-data
47-->[:react-native-webview] AndroidManifest.xml:13:13-15:63
48                android:name="android.support.FILE_PROVIDER_PATHS"
48-->[:react-native-webview] AndroidManifest.xml:14:17-67
49                android:resource="@xml/file_provider_paths" />
49-->[:react-native-webview] AndroidManifest.xml:15:17-60
50        </provider>
51        <provider
51-->[androidx.emoji2:emoji2:1.2.0] AndroidManifest.xml:24:9-32:20
52            android:name="androidx.startup.InitializationProvider"
52-->[androidx.emoji2:emoji2:1.2.0] AndroidManifest.xml:25:13-67
53            android:authorities="com.pennymeal.androidx-startup"
53-->[androidx.emoji2:emoji2:1.2.0] AndroidManifest.xml:26:13-68
54            android:exported="false" >
54-->[androidx.emoji2:emoji2:1.2.0] AndroidManifest.xml:27:13-37
55            <meta-data
55-->[androidx.emoji2:emoji2:1.2.0] AndroidManifest.xml:29:13-31:52
56                android:name="androidx.emoji2.text.EmojiCompatInitializer"
56-->[androidx.emoji2:emoji2:1.2.0] AndroidManifest.xml:30:17-75
57                android:value="androidx.startup" />
57-->[androidx.emoji2:emoji2:1.2.0] AndroidManifest.xml:31:17-49
58            <meta-data
58-->[androidx.lifecycle:lifecycle-process:2.4.1] AndroidManifest.xml:31:13-33:52
59                android:name="androidx.lifecycle.ProcessLifecycleInitializer"
59-->[androidx.lifecycle:lifecycle-process:2.4.1] AndroidManifest.xml:32:17-78
60                android:value="androidx.startup" />
60-->[androidx.lifecycle:lifecycle-process:2.4.1] AndroidManifest.xml:33:17-49
61        </provider>
62
63        <meta-data
63-->[com.facebook.soloader:soloader:0.10.5] AndroidManifest.xml:12:9-14:37
64            android:name="com.facebook.soloader.enabled"
64-->[com.facebook.soloader:soloader:0.10.5] AndroidManifest.xml:13:13-57
65            android:value="false" />
65-->[com.facebook.soloader:soloader:0.10.5] AndroidManifest.xml:14:13-34
66    </application>
67
68</manifest>